Сборка начата 23.03.2020 15:46:33.
     1>Проект "C:\Users\User\Desktop\oap 2 sem\допы\DvusvyazSpiski\sem2LabDvyspisokDop(2)\sem2LabDvyspisokDop(2)\sem2LabDvyspisokDop(2).vcxproj" в узле 2 (целевые объекты Build).
     1>InitializeBuildStatus:
         Создание "x64\Debug\sem2LabD.473150A4.tlog\unsuccessfulbuild", так как было задано "AlwaysCreate".
       ClCompile:
         C:\Program Files (x86)\Microsoft Visual Studio\2019\Community\VC\Tools\MSVC\14.22.27905\bin\HostX86\x64\CL.exe /c /ZI /JMC /nologo /W3 /WX- /diagnostics:column /sdl /Od /D _DEBUG /D _CONSOLE /D _UNICODE /D UNICODE /Gm- /EHsc /RTC1 /MDd /GS /fp:precise /permissive- /Zc:wchar_t /Zc:forScope /Zc:inline /Fo"x64\Debug\\" /Fd"x64\Debug\vc142.pdb" /Gd /TP /FC /errorReport:prompt "sem2LabDvyspisokDop(2).cpp"
         sem2LabDvyspisokDop(2).cpp
     1>C:\Users\User\Desktop\oap 2 sem\допы\DvusvyazSpiski\sem2LabDvyspisokDop(2)\sem2LabDvyspisokDop(2)\sem2LabDvyspisokDop(2).cpp(80,50): warning C4018:  <: несоответствие типов со знаком и без знака
     1>C:\Users\User\Desktop\oap 2 sem\допы\DvusvyazSpiski\sem2LabDvyspisokDop(2)\sem2LabDvyspisokDop(2)\sem2LabDvyspisokDop(2).cpp(81,97): warning C4018:  >: несоответствие типов со знаком и без знака
     1>C:\Users\User\Desktop\oap 2 sem\допы\DvusvyazSpiski\sem2LabDvyspisokDop(2)\sem2LabDvyspisokDop(2)\sem2LabDvyspisokDop(2).cpp(82,132): warning C4018:  >: несоответствие типов со знаком и без знака
     1>C:\Users\User\Desktop\oap 2 sem\допы\DvusvyazSpiski\sem2LabDvyspisokDop(2)\sem2LabDvyspisokDop(2)\sem2LabDvyspisokDop(2).cpp(101,51): warning C4018:  >: несоответствие типов со знаком и без знака
     1>C:\Users\User\Desktop\oap 2 sem\допы\DvusvyazSpiski\sem2LabDvyspisokDop(2)\sem2LabDvyspisokDop(2)\sem2LabDvyspisokDop(2).cpp(102,99): warning C4018:  <: несоответствие типов со знаком и без знака
     1>C:\Users\User\Desktop\oap 2 sem\допы\DvusvyazSpiski\sem2LabDvyspisokDop(2)\sem2LabDvyspisokDop(2)\sem2LabDvyspisokDop(2).cpp(103,134): warning C4018:  <: несоответствие типов со знаком и без знака
       Link:
         C:\Program Files (x86)\Microsoft Visual Studio\2019\Community\VC\Tools\MSVC\14.22.27905\bin\HostX86\x64\link.exe /ERRORREPORT:PROMPT /OUT:"C:\Users\User\Desktop\oap 2 sem\допы\DvusvyazSpiski\sem2LabDvyspisokDop(2)\x64\Debug\sem2LabDvyspisokDop(2).exe" /INCREMENTAL /NOLOGO kernel32.lib user32.lib gdi32.lib winspool.lib comdlg32.lib advapi32.lib shell32.lib ole32.lib oleaut32.lib uuid.lib odbc32.lib odbccp32.lib /MANIFEST /MANIFESTUAC:"level='asInvoker' uiAccess='false'" /manifest:embed /DEBUG:FASTLINK /PDB:"C:\Users\User\Desktop\oap 2 sem\допы\DvusvyazSpiski\sem2LabDvyspisokDop(2)\x64\Debug\sem2LabDvyspisokDop(2).pdb" /SUBSYSTEM:CONSOLE /TLBID:1 /DYNAMICBASE /NXCOMPAT /IMPLIB:"C:\Users\User\Desktop\oap 2 sem\допы\DvusvyazSpiski\sem2LabDvyspisokDop(2)\x64\Debug\sem2LabDvyspisokDop(2).lib" /MACHINE:X64 "x64\Debug\sem2LabDvyspisokDop(2).obj"
         sem2LabDvyspisokDop(2).vcxproj -> C:\Users\User\Desktop\oap 2 sem\допы\DvusvyazSpiski\sem2LabDvyspisokDop(2)\x64\Debug\sem2LabDvyspisokDop(2).exe
       FinalizeBuildStatus:
         Файл "x64\Debug\sem2LabD.473150A4.tlog\unsuccessfulbuild" удаляется.
         Обращение к "x64\Debug\sem2LabD.473150A4.tlog\sem2LabDvyspisokDop(2).lastbuildstate".
     1>Сборка проекта "C:\Users\User\Desktop\oap 2 sem\допы\DvusvyazSpiski\sem2LabDvyspisokDop(2)\sem2LabDvyspisokDop(2)\sem2LabDvyspisokDop(2).vcxproj" завершена (целевые объекты Build).

Сборка успешно завершена.

       "C:\Users\User\Desktop\oap 2 sem\допы\DvusvyazSpiski\sem2LabDvyspisokDop(2)\sem2LabDvyspisokDop(2)\sem2LabDvyspisokDop(2).vcxproj" (целевой объект Build ) (1) ->
       (Целевой объект ClCompile) -> 
         C:\Users\User\Desktop\oap 2 sem\допы\DvusvyazSpiski\sem2LabDvyspisokDop(2)\sem2LabDvyspisokDop(2)\sem2LabDvyspisokDop(2).cpp(80,50): warning C4018:  <: несоответствие типов со знаком и без знака
         C:\Users\User\Desktop\oap 2 sem\допы\DvusvyazSpiski\sem2LabDvyspisokDop(2)\sem2LabDvyspisokDop(2)\sem2LabDvyspisokDop(2).cpp(81,97): warning C4018:  >: несоответствие типов со знаком и без знака
         C:\Users\User\Desktop\oap 2 sem\допы\DvusvyazSpiski\sem2LabDvyspisokDop(2)\sem2LabDvyspisokDop(2)\sem2LabDvyspisokDop(2).cpp(82,132): warning C4018:  >: несоответствие типов со знаком и без знака
         C:\Users\User\Desktop\oap 2 sem\допы\DvusvyazSpiski\sem2LabDvyspisokDop(2)\sem2LabDvyspisokDop(2)\sem2LabDvyspisokDop(2).cpp(101,51): warning C4018:  >: несоответствие типов со знаком и без знака
         C:\Users\User\Desktop\oap 2 sem\допы\DvusvyazSpiski\sem2LabDvyspisokDop(2)\sem2LabDvyspisokDop(2)\sem2LabDvyspisokDop(2).cpp(102,99): warning C4018:  <: несоответствие типов со знаком и без знака
         C:\Users\User\Desktop\oap 2 sem\допы\DvusvyazSpiski\sem2LabDvyspisokDop(2)\sem2LabDvyspisokDop(2)\sem2LabDvyspisokDop(2).cpp(103,134): warning C4018:  <: несоответствие типов со знаком и без знака

    Предупреждений: 6
    Ошибок: 0

Прошло времени 00:00:02.32
