Сборка начата 17.02.2020 16:50:07.
     1>Проект "C:\Users\User\Desktop\oap 2 sem\допы\sem2lab(C)var10(2)\sem2lab(C)var10(2)\sem2lab(C)var10(2).vcxproj" в узле 2 (целевые объекты Build).
     1>InitializeBuildStatus:
         Создание "Debug\sem2lab(.5D2A4D08.tlog\unsuccessfulbuild", так как было задано "AlwaysCreate".
       ClCompile:
         C:\Program Files (x86)\Microsoft Visual Studio\2019\Community\VC\Tools\MSVC\14.22.27905\bin\HostX86\x86\CL.exe /c /ZI /JMC /nologo /W3 /WX- /diagnostics:column /sdl /Od /Oy- /D WIN32 /D _DEBUG /D _CONSOLE /D _UNICODE /D UNICODE /Gm- /EHsc /RTC1 /MDd /GS /fp:precise /permissive- /Zc:wchar_t /Zc:forScope /Zc:inline /Fo"Debug\\" /Fd"Debug\vc142.pdb" /Gd /TP /analyze- /FC /errorReport:prompt "sem2lab(C)var10(2).cpp"
         sem2lab(C)var10(2).cpp
     1>C:\Users\User\Desktop\oap 2 sem\допы\sem2lab(C)var10(2)\sem2lab(C)var10(2)\sem2lab(C)var10(2).cpp(6,1): warning C4326:  возвращаемый тип "main" должен быть "int", а не "void"
     1>C:\Users\User\Desktop\oap 2 sem\допы\sem2lab(C)var10(2)\sem2lab(C)var10(2)\sem2lab(C)var10(2).cpp(8,6): warning C4101:  a: неиспользованная локальная переменная
       Link:
         C:\Program Files (x86)\Microsoft Visual Studio\2019\Community\VC\Tools\MSVC\14.22.27905\bin\HostX86\x86\link.exe /ERRORREPORT:PROMPT /OUT:"C:\Users\User\Desktop\oap 2 sem\допы\sem2lab(C)var10(2)\Debug\sem2lab(C)var10(2).exe" /INCREMENTAL /NOLOGO kernel32.lib user32.lib gdi32.lib winspool.lib comdlg32.lib advapi32.lib shell32.lib ole32.lib oleaut32.lib uuid.lib odbc32.lib odbccp32.lib /MANIFEST /MANIFESTUAC:"level='asInvoker' uiAccess='false'" /manifest:embed /DEBUG:FASTLINK /PDB:"C:\Users\User\Desktop\oap 2 sem\допы\sem2lab(C)var10(2)\Debug\sem2lab(C)var10(2).pdb" /SUBSYSTEM:CONSOLE /TLBID:1 /DYNAMICBASE /NXCOMPAT /IMPLIB:"C:\Users\User\Desktop\oap 2 sem\допы\sem2lab(C)var10(2)\Debug\sem2lab(C)var10(2).lib" /MACHINE:X86 "Debug\sem2lab(C)var10(2).obj"
         sem2lab(C)var10(2).vcxproj -> C:\Users\User\Desktop\oap 2 sem\допы\sem2lab(C)var10(2)\Debug\sem2lab(C)var10(2).exe
       FinalizeBuildStatus:
         Файл "Debug\sem2lab(.5D2A4D08.tlog\unsuccessfulbuild" удаляется.
         Обращение к "Debug\sem2lab(.5D2A4D08.tlog\sem2lab(C)var10(2).lastbuildstate".
     1>Сборка проекта "C:\Users\User\Desktop\oap 2 sem\допы\sem2lab(C)var10(2)\sem2lab(C)var10(2)\sem2lab(C)var10(2).vcxproj" завершена (целевые объекты Build).

Сборка успешно завершена.

       "C:\Users\User\Desktop\oap 2 sem\допы\sem2lab(C)var10(2)\sem2lab(C)var10(2)\sem2lab(C)var10(2).vcxproj" (целевой объект Build ) (1) ->
       (Целевой объект ClCompile) -> 
         C:\Users\User\Desktop\oap 2 sem\допы\sem2lab(C)var10(2)\sem2lab(C)var10(2)\sem2lab(C)var10(2).cpp(6,1): warning C4326:  возвращаемый тип "main" должен быть "int", а не "void"
         C:\Users\User\Desktop\oap 2 sem\допы\sem2lab(C)var10(2)\sem2lab(C)var10(2)\sem2lab(C)var10(2).cpp(8,6): warning C4101:  a: неиспользованная локальная переменная

    Предупреждений: 2
    Ошибок: 0

Прошло времени 00:00:03.06
