Сборка начата 23.03.2020 15:59:28.
     1>Проект "C:\Users\User\Desktop\oap 2 sem\допы\AnalizSort\sem2labAnalizSortDop(3)\sem2labAnalizSortDop(3)\sem2labAnalizSortDop(3).vcxproj" в узле 2 (целевые объекты Build).
     1>InitializeBuildStatus:
         Создание "Debug\sem2labA.6F2929E7.tlog\unsuccessfulbuild", так как было задано "AlwaysCreate".
       ClCompile:
         C:\Program Files (x86)\Microsoft Visual Studio\2019\Community\VC\Tools\MSVC\14.22.27905\bin\HostX86\x86\CL.exe /c /ZI /JMC /nologo /W3 /WX- /diagnostics:column /sdl /Od /Oy- /D WIN32 /D _DEBUG /D _CONSOLE /D _UNICODE /D UNICODE /Gm- /EHsc /RTC1 /MDd /GS /fp:precise /permissive- /Zc:wchar_t /Zc:forScope /Zc:inline /Fo"Debug\\" /Fd"Debug\vc142.pdb" /Gd /TP /analyze- /FC /errorReport:prompt "sem2labAnalizSortDop(3).cpp"
         sem2labAnalizSortDop(3).cpp
     1>C:\Users\User\Desktop\oap 2 sem\допы\AnalizSort\sem2labAnalizSortDop(3)\sem2labAnalizSortDop(3)\sem2labAnalizSortDop(3).cpp(7,12): warning C4244:  аргумент: преобразование "time_t" в "unsigned int", возможна потеря данных
       Link:
         C:\Program Files (x86)\Microsoft Visual Studio\2019\Community\VC\Tools\MSVC\14.22.27905\bin\HostX86\x86\link.exe /ERRORREPORT:PROMPT /OUT:"C:\Users\User\Desktop\oap 2 sem\допы\AnalizSort\sem2labAnalizSortDop(3)\Debug\sem2labAnalizSortDop(3).exe" /INCREMENTAL /NOLOGO kernel32.lib user32.lib gdi32.lib winspool.lib comdlg32.lib advapi32.lib shell32.lib ole32.lib oleaut32.lib uuid.lib odbc32.lib odbccp32.lib /MANIFEST /MANIFESTUAC:"level='asInvoker' uiAccess='false'" /manifest:embed /DEBUG:FASTLINK /PDB:"C:\Users\User\Desktop\oap 2 sem\допы\AnalizSort\sem2labAnalizSortDop(3)\Debug\sem2labAnalizSortDop(3).pdb" /SUBSYSTEM:CONSOLE /TLBID:1 /DYNAMICBASE /NXCOMPAT /IMPLIB:"C:\Users\User\Desktop\oap 2 sem\допы\AnalizSort\sem2labAnalizSortDop(3)\Debug\sem2labAnalizSortDop(3).lib" /MACHINE:X86 "Debug\sem2labAnalizSortDop(3).obj"
         sem2labAnalizSortDop(3).vcxproj -> C:\Users\User\Desktop\oap 2 sem\допы\AnalizSort\sem2labAnalizSortDop(3)\Debug\sem2labAnalizSortDop(3).exe
       FinalizeBuildStatus:
         Файл "Debug\sem2labA.6F2929E7.tlog\unsuccessfulbuild" удаляется.
         Обращение к "Debug\sem2labA.6F2929E7.tlog\sem2labAnalizSortDop(3).lastbuildstate".
     1>Сборка проекта "C:\Users\User\Desktop\oap 2 sem\допы\AnalizSort\sem2labAnalizSortDop(3)\sem2labAnalizSortDop(3)\sem2labAnalizSortDop(3).vcxproj" завершена (целевые объекты Build).

Сборка успешно завершена.

       "C:\Users\User\Desktop\oap 2 sem\допы\AnalizSort\sem2labAnalizSortDop(3)\sem2labAnalizSortDop(3)\sem2labAnalizSortDop(3).vcxproj" (целевой объект Build ) (1) ->
       (Целевой объект ClCompile) -> 
         C:\Users\User\Desktop\oap 2 sem\допы\AnalizSort\sem2labAnalizSortDop(3)\sem2labAnalizSortDop(3)\sem2labAnalizSortDop(3).cpp(7,12): warning C4244:  аргумент: преобразование "time_t" в "unsigned int", возможна потеря данных

    Предупреждений: 1
    Ошибок: 0

Прошло времени 00:00:02.01
