Сборка начата 06.04.2020 16:19:38.
     1>Проект "C:\Users\User\Desktop\oap 2 sem\допы\Деревья\sem2DerevoDop(1)\sem2DerevoDop(1)\sem2DerevoDop(1).vcxproj" в узле 2 (целевые объекты Build).
     1>InitializeBuildStatus:
         Создание "x64\Debug\sem2DerevoDop(1).tlog\unsuccessfulbuild", так как было задано "AlwaysCreate".
       ClCompile:
         C:\Program Files (x86)\Microsoft Visual Studio\2019\Community\VC\Tools\MSVC\14.22.27905\bin\HostX86\x64\CL.exe /c /ZI /JMC /nologo /W3 /WX- /diagnostics:column /sdl /Od /D _DEBUG /D _CONSOLE /D _UNICODE /D UNICODE /Gm- /EHsc /RTC1 /MDd /GS /fp:precise /permissive- /Zc:wchar_t /Zc:forScope /Zc:inline /Fo"x64\Debug\\" /Fd"x64\Debug\vc142.pdb" /Gd /TP /FC /errorReport:prompt "sem2DerevoDop(1).cpp"
         sem2DerevoDop(1).cpp
     1>C:\Users\User\Desktop\oap 2 sem\допы\Деревья\sem2DerevoDop(1)\sem2DerevoDop(1)\sem2DerevoDop(1).cpp(111,11): warning C4018:  >: несоответствие типов со знаком и без знака
     1>C:\Users\User\Desktop\oap 2 sem\допы\Деревья\sem2DerevoDop(1)\sem2DerevoDop(1)\sem2DerevoDop(1).cpp(127,12): warning C4018:  >: несоответствие типов со знаком и без знака
     1>C:\Users\User\Desktop\oap 2 sem\допы\Деревья\sem2DerevoDop(1)\sem2DerevoDop(1)\sem2DerevoDop(1).cpp(114): warning C4715:  isSearch: значение возвращается не при всех путях выполнения
       Link:
         C:\Program Files (x86)\Microsoft Visual Studio\2019\Community\VC\Tools\MSVC\14.22.27905\bin\HostX86\x64\link.exe /ERRORREPORT:PROMPT /OUT:"C:\Users\User\Desktop\oap 2 sem\допы\Деревья\sem2DerevoDop(1)\x64\Debug\sem2DerevoDop(1).exe" /INCREMENTAL /NOLOGO kernel32.lib user32.lib gdi32.lib winspool.lib comdlg32.lib advapi32.lib shell32.lib ole32.lib oleaut32.lib uuid.lib odbc32.lib odbccp32.lib /MANIFEST /MANIFESTUAC:"level='asInvoker' uiAccess='false'" /manifest:embed /DEBUG:FASTLINK /PDB:"C:\Users\User\Desktop\oap 2 sem\допы\Деревья\sem2DerevoDop(1)\x64\Debug\sem2DerevoDop(1).pdb" /SUBSYSTEM:CONSOLE /TLBID:1 /DYNAMICBASE /NXCOMPAT /IMPLIB:"C:\Users\User\Desktop\oap 2 sem\допы\Деревья\sem2DerevoDop(1)\x64\Debug\sem2DerevoDop(1).lib" /MACHINE:X64 "x64\Debug\sem2DerevoDop(1).obj"
         sem2DerevoDop(1).vcxproj -> C:\Users\User\Desktop\oap 2 sem\допы\Деревья\sem2DerevoDop(1)\x64\Debug\sem2DerevoDop(1).exe
       FinalizeBuildStatus:
         Файл "x64\Debug\sem2DerevoDop(1).tlog\unsuccessfulbuild" удаляется.
         Обращение к "x64\Debug\sem2DerevoDop(1).tlog\sem2DerevoDop(1).lastbuildstate".
     1>Сборка проекта "C:\Users\User\Desktop\oap 2 sem\допы\Деревья\sem2DerevoDop(1)\sem2DerevoDop(1)\sem2DerevoDop(1).vcxproj" завершена (целевые объекты Build).

Сборка успешно завершена.

       "C:\Users\User\Desktop\oap 2 sem\допы\Деревья\sem2DerevoDop(1)\sem2DerevoDop(1)\sem2DerevoDop(1).vcxproj" (целевой объект Build ) (1) ->
       (Целевой объект ClCompile) -> 
         C:\Users\User\Desktop\oap 2 sem\допы\Деревья\sem2DerevoDop(1)\sem2DerevoDop(1)\sem2DerevoDop(1).cpp(111,11): warning C4018:  >: несоответствие типов со знаком и без знака
         C:\Users\User\Desktop\oap 2 sem\допы\Деревья\sem2DerevoDop(1)\sem2DerevoDop(1)\sem2DerevoDop(1).cpp(127,12): warning C4018:  >: несоответствие типов со знаком и без знака
         C:\Users\User\Desktop\oap 2 sem\допы\Деревья\sem2DerevoDop(1)\sem2DerevoDop(1)\sem2DerevoDop(1).cpp(114): warning C4715:  isSearch: значение возвращается не при всех путях выполнения

    Предупреждений: 3
    Ошибок: 0

Прошло времени 00:00:02.07
