Сборка начата 03.05.2020 14:31:43.
Уровень детализации журнала: Normal.     1>Проект "C:\Users\User\Desktop\oap 2 sem\Вариант 7\sem2labHashAdresVar7\sem2labHashAdresVar7\sem2labHashAdresVar7.vcxproj" в узле 2 (целевые объекты Build).
     1>InitializeBuildStatus:
         Обращение к "Debug\sem2labH.30796483.tlog\unsuccessfulbuild".
       ClCompile:
         C:\Program Files (x86)\Microsoft Visual Studio\2019\Community\VC\Tools\MSVC\14.25.28610\bin\HostX86\x86\CL.exe /c /ZI /JMC /nologo /W3 /WX- /diagnostics:column /sdl /Od /Oy- /D WIN32 /D _DEBUG /D _CONSOLE /D _UNICODE /D UNICODE /Gm- /EHsc /RTC1 /MDd /GS /fp:precise /permissive- /Zc:wchar_t /Zc:forScope /Zc:inline /Fo"Debug\\" /Fd"Debug\vc142.pdb" /Gd /TP /analyze- /FC /errorReport:prompt Hash.cpp sem2labHashAdresVar7.cpp
         Hash.cpp
         sem2labHashAdresVar7.cpp
         Создание кода...
       Link:
         C:\Program Files (x86)\Microsoft Visual Studio\2019\Community\VC\Tools\MSVC\14.25.28610\bin\HostX86\x86\link.exe /ERRORREPORT:PROMPT /OUT:"C:\Users\User\Desktop\oap 2 sem\Вариант 7\sem2labHashAdresVar7\Debug\sem2labHashAdresVar7.exe" /INCREMENTAL /NOLOGO kernel32.lib user32.lib gdi32.lib winspool.lib comdlg32.lib advapi32.lib shell32.lib ole32.lib oleaut32.lib uuid.lib odbc32.lib odbccp32.lib /MANIFEST /MANIFESTUAC:"level='asInvoker' uiAccess='false'" /manifest:embed /DEBUG:FASTLINK /PDB:"C:\Users\User\Desktop\oap 2 sem\Вариант 7\sem2labHashAdresVar7\Debug\sem2labHashAdresVar7.pdb" /SUBSYSTEM:CONSOLE /TLBID:1 /DYNAMICBASE /NXCOMPAT /IMPLIB:"C:\Users\User\Desktop\oap 2 sem\Вариант 7\sem2labHashAdresVar7\Debug\sem2labHashAdresVar7.lib" /MACHINE:X86 Debug\Hash.obj
         Debug\sem2labHashAdresVar7.obj
         sem2labHashAdresVar7.vcxproj -> C:\Users\User\Desktop\oap 2 sem\Вариант 7\sem2labHashAdresVar7\Debug\sem2labHashAdresVar7.exe
       FinalizeBuildStatus:
         Файл "Debug\sem2labH.30796483.tlog\unsuccessfulbuild" удаляется.
         Обращение к "Debug\sem2labH.30796483.tlog\sem2labHashAdresVar7.lastbuildstate".
     1>Сборка проекта "C:\Users\User\Desktop\oap 2 sem\Вариант 7\sem2labHashAdresVar7\sem2labHashAdresVar7\sem2labHashAdresVar7.vcxproj" завершена (целевые объекты Build).

Сборка успешно завершена.
    Предупреждений: 0
    Ошибок: 0

Прошло времени 00:00:02.89
