Сборка начата 26.04.2020 17:06:49.
Уровень детализации журнала: Normal.     1>Проект "C:\Users\User\Desktop\oap 2 sem\Вариант 7\sem2DerevoVar7\sem2DerevoVar7\sem2DerevoVar7.vcxproj" в узле 2 (целевые объекты Build).
     1>InitializeBuildStatus:
         Обращение к "Debug\sem2DerevoVar7.tlog\unsuccessfulbuild".
       ClCompile:
         C:\Program Files (x86)\Microsoft Visual Studio\2019\Community\VC\Tools\MSVC\14.25.28610\bin\HostX86\x86\CL.exe /c /ZI /JMC /nologo /W3 /WX- /diagnostics:column /sdl /Od /Oy- /D WIN32 /D _DEBUG /D _CONSOLE /D _UNICODE /D UNICODE /Gm- /EHsc /RTC1 /MDd /GS /fp:precise /permissive- /Zc:wchar_t /Zc:forScope /Zc:inline /Fo"Debug\\" /Fd"Debug\vc142.pdb" /Gd /TP /analyze- /FC /errorReport:prompt sem2DerevoVar7.cpp
         sem2DerevoVar7.cpp
     1>C:\Users\User\Desktop\oap 2 sem\Вариант 7\sem2DerevoVar7\sem2DerevoVar7\sem2DerevoVar7.cpp(23,1): warning C4326: возвращаемый тип "main" должен быть "int", а не "void"
       Link:
         C:\Program Files (x86)\Microsoft Visual Studio\2019\Community\VC\Tools\MSVC\14.25.28610\bin\HostX86\x86\link.exe /ERRORREPORT:PROMPT /OUT:"C:\Users\User\Desktop\oap 2 sem\Вариант 7\sem2DerevoVar7\Debug\sem2DerevoVar7.exe" /INCREMENTAL /NOLOGO kernel32.lib user32.lib gdi32.lib winspool.lib comdlg32.lib advapi32.lib shell32.lib ole32.lib oleaut32.lib uuid.lib odbc32.lib odbccp32.lib /MANIFEST /MANIFESTUAC:"level='asInvoker' uiAccess='false'" /manifest:embed /DEBUG:FASTLINK /PDB:"C:\Users\User\Desktop\oap 2 sem\Вариант 7\sem2DerevoVar7\Debug\sem2DerevoVar7.pdb" /SUBSYSTEM:CONSOLE /TLBID:1 /DYNAMICBASE /NXCOMPAT /IMPLIB:"C:\Users\User\Desktop\oap 2 sem\Вариант 7\sem2DerevoVar7\Debug\sem2DerevoVar7.lib" /MACHINE:X86 Debug\sem2DerevoVar7.obj
         sem2DerevoVar7.vcxproj -> C:\Users\User\Desktop\oap 2 sem\Вариант 7\sem2DerevoVar7\Debug\sem2DerevoVar7.exe
       FinalizeBuildStatus:
         Файл "Debug\sem2DerevoVar7.tlog\unsuccessfulbuild" удаляется.
         Обращение к "Debug\sem2DerevoVar7.tlog\sem2DerevoVar7.lastbuildstate".
     1>Сборка проекта "C:\Users\User\Desktop\oap 2 sem\Вариант 7\sem2DerevoVar7\sem2DerevoVar7\sem2DerevoVar7.vcxproj" завершена (целевые объекты Build).

Сборка успешно завершена.

       "C:\Users\User\Desktop\oap 2 sem\Вариант 7\sem2DerevoVar7\sem2DerevoVar7\sem2DerevoVar7.vcxproj" (целевой объект Build ) (1) ->
       (Целевой объект ClCompile) -> 
         C:\Users\User\Desktop\oap 2 sem\Вариант 7\sem2DerevoVar7\sem2DerevoVar7\sem2DerevoVar7.cpp(23,1): warning C4326: возвращаемый тип "main" должен быть "int", а не "void"

    Предупреждений: 1
    Ошибок: 0

Прошло времени 00:00:04.52
