Сборка начата 24.02.2020 15:46:21.
     1>Проект "C:\Users\User\Desktop\oap 2 sem\допы\c++\sem2labC++Var9(1)\sem2labC++Var9(1)\sem2labC++Var9(1).vcxproj" в узле 2 (целевые объекты Build).
     1>InitializeBuildStatus:
         Создание "Debug\sem2labC.53C29385.tlog\unsuccessfulbuild", так как было задано "AlwaysCreate".
       ClCompile:
         C:\Program Files (x86)\Microsoft Visual Studio\2019\Community\VC\Tools\MSVC\14.22.27905\bin\HostX86\x86\CL.exe /c /ZI /JMC /nologo /W3 /WX- /diagnostics:column /sdl /Od /Oy- /D WIN32 /D _DEBUG /D _CONSOLE /D _UNICODE /D UNICODE /Gm- /EHsc /RTC1 /MDd /GS /fp:precise /permissive- /Zc:wchar_t /Zc:forScope /Zc:inline /Fo"Debug\\" /Fd"Debug\vc142.pdb" /Gd /TP /analyze- /FC /errorReport:prompt "sem2labC++Var9(1).cpp"
         sem2labC++Var9(1).cpp
     1>C:\Users\User\Desktop\oap 2 sem\допы\c++\sem2labC++Var9(1)\sem2labC++Var9(1)\sem2labC++Var9(1).cpp(35,23): warning C4018:  <: несоответствие типов со знаком и без знака
     1>C:\Users\User\Desktop\oap 2 sem\допы\c++\sem2labC++Var9(1)\sem2labC++Var9(1)\sem2labC++Var9(1).cpp(7,6): warning C4101:  k: неиспользованная локальная переменная
       Link:
         C:\Program Files (x86)\Microsoft Visual Studio\2019\Community\VC\Tools\MSVC\14.22.27905\bin\HostX86\x86\link.exe /ERRORREPORT:PROMPT /OUT:"C:\Users\User\Desktop\oap 2 sem\допы\c++\sem2labC++Var9(1)\Debug\sem2labC++Var9(1).exe" /INCREMENTAL /NOLOGO kernel32.lib user32.lib gdi32.lib winspool.lib comdlg32.lib advapi32.lib shell32.lib ole32.lib oleaut32.lib uuid.lib odbc32.lib odbccp32.lib /MANIFEST /MANIFESTUAC:"level='asInvoker' uiAccess='false'" /manifest:embed /DEBUG:FASTLINK /PDB:"C:\Users\User\Desktop\oap 2 sem\допы\c++\sem2labC++Var9(1)\Debug\sem2labC++Var9(1).pdb" /SUBSYSTEM:CONSOLE /TLBID:1 /DYNAMICBASE /NXCOMPAT /IMPLIB:"C:\Users\User\Desktop\oap 2 sem\допы\c++\sem2labC++Var9(1)\Debug\sem2labC++Var9(1).lib" /MACHINE:X86 "Debug\sem2labC++Var9(1).obj"
         sem2labC++Var9(1).vcxproj -> C:\Users\User\Desktop\oap 2 sem\допы\c++\sem2labC++Var9(1)\Debug\sem2labC++Var9(1).exe
       FinalizeBuildStatus:
         Файл "Debug\sem2labC.53C29385.tlog\unsuccessfulbuild" удаляется.
         Обращение к "Debug\sem2labC.53C29385.tlog\sem2labC++Var9(1).lastbuildstate".
     1>Сборка проекта "C:\Users\User\Desktop\oap 2 sem\допы\c++\sem2labC++Var9(1)\sem2labC++Var9(1)\sem2labC++Var9(1).vcxproj" завершена (целевые объекты Build).

Сборка успешно завершена.

       "C:\Users\User\Desktop\oap 2 sem\допы\c++\sem2labC++Var9(1)\sem2labC++Var9(1)\sem2labC++Var9(1).vcxproj" (целевой объект Build ) (1) ->
       (Целевой объект ClCompile) -> 
         C:\Users\User\Desktop\oap 2 sem\допы\c++\sem2labC++Var9(1)\sem2labC++Var9(1)\sem2labC++Var9(1).cpp(35,23): warning C4018:  <: несоответствие типов со знаком и без знака
         C:\Users\User\Desktop\oap 2 sem\допы\c++\sem2labC++Var9(1)\sem2labC++Var9(1)\sem2labC++Var9(1).cpp(7,6): warning C4101:  k: неиспользованная локальная переменная

    Предупреждений: 2
    Ошибок: 0

Прошло времени 00:00:02.50
